<?xml version="1.0" encoding="UTF-8"?>
<!-- Generated by org.testng.reporters.JUnitReportReporter -->
<testsuite hostname="MGCHN-LTW-054" failures="0" tests="1" name="testCases.NewWorkspace" time="13.848" errors="0" timestamp="2022-04-08T11:22:54 IST" skipped="0">
  <testcase classname="testCases.NewWorkspace" name="createWorkspace" time="13.848"/>
  <system-out/>
</testsuite> <!-- testCases.NewWorkspace -->
